<?xml version="1.0" encoding="UTF-8"?>
<!-- Generated by org.testng.reporters.JUnitReportReporter -->
<testsuite hostname="ArchanaHN" failures="0" tests="2" name="com.comcast.ContactTest.CreateContactWIthMandatory" time="0.010" errors="0" timestamp="2020-12-23T12:49:22 IST" skipped="0">
  <testcase classname="com.comcast.ContactTest.CreateContactWIthMandatory" name="createContactTest" time="0.008"/>
  <system-out/>
  <testcase classname="com.comcast.ContactTest.CreateContactWIthMandatory" name="createContactwithPhoneTest" time="0.002"/>
  <system-out/>
</testsuite> <!-- com.comcast.ContactTest.CreateContactWIthMandatory -->
