<?xml version="1.0" encoding="UTF-8"?>
<!-- Generated by org.testng.reporters.JUnitReportReporter -->
<testsuite hostname="ArchanaHN" failures="0" tests="2" name="com.comcast.ContactTest.CreateContactWIthMandatoryTest" time="0.037" errors="0" timestamp="2020-12-24T11:56:13 IST" skipped="0">
  <testcase classname="com.comcast.ContactTest.CreateContactWIthMandatoryTest" name="createContactwithPhoneTest" time="0.004"/>
  <system-out/>
  <testcase classname="com.comcast.ContactTest.CreateContactWIthMandatoryTest" name="createContactTest" time="0.033"/>
  <system-out/>
</testsuite> <!-- com.comcast.ContactTest.CreateContactWIthMandatoryTest -->
